<?xml version="1.0" encoding="UTF-8"?>
<!-- Generated by org.testng.reporters.JUnitXMLReporter -->
<testsuite hostname="C02Q90FWG8WM" ignored="0" name="LoginLogoutTests" tests="4" failures="0" timestamp="25 Mar 2020 10:26:00 GMT" time="119.154" errors="0">
  <testcase name="signupTest" time="10.294" classname="tests.LoginLogoutTests"/>
  <testcase name="logoutTestAfterSignup" time="45.088" classname="tests.LoginLogoutTests"/>
  <testcase name="loginTest" time="34.097" classname="tests.LoginLogoutTests"/>
  <testcase name="logoutTestAfterLogin" time="29.655" classname="tests.LoginLogoutTests"/>
</testsuite> <!-- LoginLogoutTests -->
